This file contains any messages produced by compilers while
running configure, to aid debugging if configure makes a mistake.

It was created by Icecast configure 2.4.4, which was
generated by GNU Autoconf 2.69.  Invocation command line was

  $ ./configure LDFLAGS=-I/home/hasantouma/building-checkedc-clang/llvm/projects/checkedc-wrapper/checkedc/include/ CFLAGS=-ferror-limit=0 CC=/home/hasantouma/building-checkedc-clang/llvm.obj/bin/clang

## --------- ##
## Platform. ##
## --------- ##

hostname = pldev2
uname -m = x86_64
uname -r = 4.4.0-130-generic
uname -s = Linux
uname -v = #156-Ubuntu SMP Thu Jun 14 08:53:28 UTC 2018

/usr/bin/uname -p = unknown
/bin/uname -X     = unknown

/bin/arch              = unknown
/usr/bin/arch -k       = unknown
/usr/convex/getsysinfo = unknown
/usr/bin/hostinfo      = unknown
/bin/machine           = unknown
/usr/bin/oslevel       = unknown
/bin/universe          = unknown

PATH: /home/hasantouma/bin
PATH: /home/hasantouma/.local/bin
PATH: /usr/local/sbin
PATH: /usr/local/bin
PATH: /usr/sbin
PATH: /usr/bin
PATH: /sbin
PATH: /bin
PATH: /usr/games
PATH: /usr/local/games
PATH: /snap/bin


## ----------- ##
## Core tests. ##
## ----------- ##

configure:2508: checking for a BSD-compatible install
configure:2576: result: /usr/bin/install -c
configure:2587: checking whether build environment is sane
configure:2642: result: yes
configure:2793: checking for a thread-safe mkdir -p
configure:2832: result: /bin/mkdir -p
configure:2839: checking for gawk
configure:2855: found /usr/bin/gawk
configure:2866: result: gawk
configure:2877: checking whether make sets $(MAKE)
configure:2899: result: yes
configure:2928: checking whether make supports nested variables
configure:2945: result: yes
configure:3074: checking whether to enable maintainer-specific portions of Makefiles
configure:3083: result: no
configure:3145: checking for gcc
configure:3172: result: /home/hasantouma/building-checkedc-clang/llvm.obj/bin/clang
configure:3401: checking for C compiler version
configure:3410: /home/hasantouma/building-checkedc-clang/llvm.obj/bin/clang --version >&5
clang version 8.0.0 (https://github.com/rchyena/checkedc-clang.git 4331e805a2cd047ec9d22d4b528a4939b304e726) (https://github.com/Microsoft/checkedc-llvm 2d090f18a30386e4bb2b8dbfc1e2558d77198f4b)
Target: x86_64-unknown-linux-gnu
Thread model: posix
InstalledDir: /home/hasantouma/building-checkedc-clang/llvm.obj/bin
configure:3421: $? = 0
configure:3410: /home/hasantouma/building-checkedc-clang/llvm.obj/bin/clang -v >&5
clang version 8.0.0 (https://github.com/rchyena/checkedc-clang.git 4331e805a2cd047ec9d22d4b528a4939b304e726) (https://github.com/Microsoft/checkedc-llvm 2d090f18a30386e4bb2b8dbfc1e2558d77198f4b)
Target: x86_64-unknown-linux-gnu
Thread model: posix
InstalledDir: /home/hasantouma/building-checkedc-clang/llvm.obj/bin
Found candidate GCC installation: /usr/lib/gcc/x86_64-linux-gnu/5
Found candidate GCC installation: /usr/lib/gcc/x86_64-linux-gnu/5.4.0
Found candidate GCC installation: /usr/lib/gcc/x86_64-linux-gnu/6
Found candidate GCC installation: /usr/lib/gcc/x86_64-linux-gnu/6.0.0
Selected GCC installation: /usr/lib/gcc/x86_64-linux-gnu/5.4.0
Candidate multilib: .;@m64
... rest of stderr output deleted ...
configure:3421: $? = 0
configure:3410: /home/hasantouma/building-checkedc-clang/llvm.obj/bin/clang -V >&5
clang-8: error: argument to '-V' is missing (expected 1 value)
clang-8: error: no input files
configure:3421: $? = 1
configure:3410: /home/hasantouma/building-checkedc-clang/llvm.obj/bin/clang -qversion >&5
clang-8: error: unknown argument '-qversion', did you mean '--version'?
clang-8: error: no input files
configure:3421: $? = 1
configure:3441: checking whether the C compiler works
configure:3463: /home/hasantouma/building-checkedc-clang/llvm.obj/bin/clang -ferror-limit=0  -I/home/hasantouma/building-checkedc-clang/llvm/projects/checkedc-wrapper/checkedc/include/ conftest.c  >&5
configure:3467: $? = 0
configure:3515: result: yes
configure:3518: checking for C compiler default output file name
configure:3520: result: a.out
configure:3526: checking for suffix of executables
configure:3533: /home/hasantouma/building-checkedc-clang/llvm.obj/bin/clang -o conftest -ferror-limit=0  -I/home/hasantouma/building-checkedc-clang/llvm/projects/checkedc-wrapper/checkedc/include/ conftest.c  >&5
configure:3537: $? = 0
configure:3559: result: 
configure:3581: checking whether we are cross compiling
configure:3589: /home/hasantouma/building-checkedc-clang/llvm.obj/bin/clang -o conftest -ferror-limit=0  -I/home/hasantouma/building-checkedc-clang/llvm/projects/checkedc-wrapper/checkedc/include/ conftest.c  >&5
configure:3593: $? = 0
configure:3600: ./conftest
configure:3604: $? = 0
configure:3619: result: no
configure:3624: checking for suffix of object files
configure:3646: /home/hasantouma/building-checkedc-clang/llvm.obj/bin/clang -c -ferror-limit=0  conftest.c >&5
configure:3650: $? = 0
configure:3671: result: o
configure:3675: checking whether we are using the GNU C compiler
configure:3694: /home/hasantouma/building-checkedc-clang/llvm.obj/bin/clang -c -ferror-limit=0  conftest.c >&5
configure:3694: $? = 0
configure:3703: result: yes
configure:3712: checking whether /home/hasantouma/building-checkedc-clang/llvm.obj/bin/clang accepts -g
configure:3732: /home/hasantouma/building-checkedc-clang/llvm.obj/bin/clang -c -g  conftest.c >&5
configure:3732: $? = 0
configure:3773: result: yes
configure:3790: checking for /home/hasantouma/building-checkedc-clang/llvm.obj/bin/clang option to accept ISO C89
configure:3853: /home/hasantouma/building-checkedc-clang/llvm.obj/bin/clang  -c -ferror-limit=0  conftest.c >&5
configure:3853: $? = 0
configure:3866: result: none needed
configure:3891: checking whether /home/hasantouma/building-checkedc-clang/llvm.obj/bin/clang understands -c and -o together
configure:3913: /home/hasantouma/building-checkedc-clang/llvm.obj/bin/clang -c conftest.c -o conftest2.o
configure:3916: $? = 0
configure:3913: /home/hasantouma/building-checkedc-clang/llvm.obj/bin/clang -c conftest.c -o conftest2.o
configure:3916: $? = 0
configure:3928: result: yes
configure:3948: checking whether make supports the include directive
configure:3963: make -f confmf.GNU && cat confinc.out
this is the am__doit target
configure:3966: $? = 0
configure:3985: result: yes (GNU style)
configure:4010: checking dependency style of /home/hasantouma/building-checkedc-clang/llvm.obj/bin/clang
configure:4121: result: gcc3
configure:4140: checking build system type
configure:4154: result: x86_64-pc-linux-gnu
configure:4174: checking host system type
configure:4187: result: x86_64-pc-linux-gnu
configure:4253: checking how to print strings
configure:4280: result: printf
configure:4301: checking for a sed that does not truncate output
configure:4365: result: /bin/sed
configure:4383: checking for grep that handles long lines and -e
configure:4441: result: /bin/grep
configure:4446: checking for egrep
configure:4508: result: /bin/grep -E
configure:4513: checking for fgrep
configure:4575: result: /bin/grep -F
configure:4610: checking for ld used by /home/hasantouma/building-checkedc-clang/llvm.obj/bin/clang
configure:4677: result: /usr/bin/ld
configure:4684: checking if the linker (/usr/bin/ld) is GNU ld
configure:4699: result: yes
configure:4711: checking for BSD- or MS-compatible name lister (nm)
configure:4765: result: /usr/bin/nm -B
configure:4895: checking the name lister (/usr/bin/nm -B) interface
configure:4902: /home/hasantouma/building-checkedc-clang/llvm.obj/bin/clang -c -ferror-limit=0  conftest.c >&5
configure:4905: /usr/bin/nm -B "conftest.o"
configure:4908: output
0000000000000000 B some_variable
configure:4915: result: BSD nm
configure:4918: checking whether ln -s works
configure:4922: result: yes
configure:4930: checking the maximum length of command line arguments
configure:5061: result: 1572864
configure:5109: checking how to convert x86_64-pc-linux-gnu file names to x86_64-pc-linux-gnu format
configure:5149: result: func_convert_file_noop
configure:5156: checking how to convert x86_64-pc-linux-gnu file names to toolchain format
configure:5176: result: func_convert_file_noop
configure:5183: checking for /usr/bin/ld option to reload object files
configure:5190: result: -r
configure:5264: checking for objdump
configure:5280: found /usr/bin/objdump
configure:5291: result: objdump
configure:5323: checking how to recognize dependent libraries
configure:5523: result: pass_all
configure:5608: checking for dlltool
configure:5638: result: no
configure:5668: checking how to associate runtime and link libraries
configure:5695: result: printf %s\n
configure:5756: checking for ar
configure:5772: found /usr/bin/ar
configure:5783: result: ar
configure:5820: checking for archiver @FILE support
configure:5837: /home/hasantouma/building-checkedc-clang/llvm.obj/bin/clang -c -ferror-limit=0  conftest.c >&5
configure:5837: $? = 0
configure:5840: ar cru libconftest.a @conftest.lst >&5
ar: `u' modifier ignored since `D' is the default (see `U')
configure:5843: $? = 0
configure:5848: ar cru libconftest.a @conftest.lst >&5
ar: `u' modifier ignored since `D' is the default (see `U')
ar: conftest.o: No such file or directory
configure:5851: $? = 1
configure:5863: result: @
configure:5921: checking for strip
configure:5937: found /usr/bin/strip
configure:5948: result: strip
configure:6020: checking for ranlib
configure:6036: found /usr/bin/ranlib
configure:6047: result: ranlib
configure:6149: checking command to parse /usr/bin/nm -B output from /home/hasantouma/building-checkedc-clang/llvm.obj/bin/clang object
configure:6302: /home/hasantouma/building-checkedc-clang/llvm.obj/bin/clang -c -ferror-limit=0  conftest.c >&5
configure:6305: $? = 0
configure:6309: /usr/bin/nm -B conftest.o | sed -n -e 's/^.*[	 ]\([ABCDGIRSTW][ABCDGIRSTW]*\)[	 ][	 ]*\([_A-Za-z][_A-Za-z0-9]*\)$/\1 \2 \2/p' | sed '/ __gnu_lto/d' > conftest.nm
configure:6375: /home/hasantouma/building-checkedc-clang/llvm.obj/bin/clang -o conftest -ferror-limit=0  -I/home/hasantouma/building-checkedc-clang/llvm/projects/checkedc-wrapper/checkedc/include/ conftest.c conftstm.o >&5
configure:6378: $? = 0
configure:6416: result: ok
configure:6463: checking for sysroot
configure:6493: result: no
configure:6500: checking for a working dd
configure:6538: result: /bin/dd
configure:6542: checking how to truncate binary pipes
configure:6557: result: /bin/dd bs=4096 count=1
configure:6693: /home/hasantouma/building-checkedc-clang/llvm.obj/bin/clang -c -ferror-limit=0  conftest.c >&5
configure:6696: $? = 0
configure:6886: checking for mt
configure:6902: found /bin/mt
configure:6913: result: mt
configure:6936: checking if mt is a manifest tool
configure:6942: mt '-?'
configure:6950: result: no
configure:7627: checking how to run the C preprocessor
configure:7658: /home/hasantouma/building-checkedc-clang/llvm.obj/bin/clang -E  conftest.c
configure:7658: $? = 0
configure:7672: /home/hasantouma/building-checkedc-clang/llvm.obj/bin/clang -E  conftest.c
conftest.c:11:10: fatal error: 'ac_nonexistent.h' file not found
#include <ac_nonexistent.h>
         ^~~~~~~~~~~~~~~~~~
1 error generated.
configure:7672: $? = 1
configure: failed program was:
| /* confdefs.h */
| #define PACKAGE_NAME "Icecast"
| #define PACKAGE_TARNAME "icecast"
| #define PACKAGE_VERSION "2.4.4"
| #define PACKAGE_STRING "Icecast 2.4.4"
| #define PACKAGE_BUGREPORT "icecast@xiph.org"
| #define PACKAGE_URL ""
| #define PACKAGE "icecast"
| #define VERSION "2.4.4"
| /* end confdefs.h.  */
| #include <ac_nonexistent.h>
configure:7697: result: /home/hasantouma/building-checkedc-clang/llvm.obj/bin/clang -E
configure:7717: /home/hasantouma/building-checkedc-clang/llvm.obj/bin/clang -E  conftest.c
configure:7717: $? = 0
configure:7731: /home/hasantouma/building-checkedc-clang/llvm.obj/bin/clang -E  conftest.c
conftest.c:11:10: fatal error: 'ac_nonexistent.h' file not found
#include <ac_nonexistent.h>
         ^~~~~~~~~~~~~~~~~~
1 error generated.
configure:7731: $? = 1
configure: failed program was:
| /* confdefs.h */
| #define PACKAGE_NAME "Icecast"
| #define PACKAGE_TARNAME "icecast"
| #define PACKAGE_VERSION "2.4.4"
| #define PACKAGE_STRING "Icecast 2.4.4"
| #define PACKAGE_BUGREPORT "icecast@xiph.org"
| #define PACKAGE_URL ""
| #define PACKAGE "icecast"
| #define VERSION "2.4.4"
| /* end confdefs.h.  */
| #include <ac_nonexistent.h>
configure:7760: checking for ANSI C header files
configure:7780: /home/hasantouma/building-checkedc-clang/llvm.obj/bin/clang -c -ferror-limit=0  conftest.c >&5
configure:7780: $? = 0
configure:7853: /home/hasantouma/building-checkedc-clang/llvm.obj/bin/clang -o conftest -ferror-limit=0  -I/home/hasantouma/building-checkedc-clang/llvm/projects/checkedc-wrapper/checkedc/include/ conftest.c  >&5
configure:7853: $? = 0
configure:7853: ./conftest
configure:7853: $? = 0
configure:7864: result: yes
configure:7877: checking for sys/types.h
configure:7877: /home/hasantouma/building-checkedc-clang/llvm.obj/bin/clang -c -ferror-limit=0  conftest.c >&5
configure:7877: $? = 0
configure:7877: result: yes
configure:7877: checking for sys/stat.h
configure:7877: /home/hasantouma/building-checkedc-clang/llvm.obj/bin/clang -c -ferror-limit=0  conftest.c >&5
configure:7877: $? = 0
configure:7877: result: yes
configure:7877: checking for stdlib.h
configure:7877: /home/hasantouma/building-checkedc-clang/llvm.obj/bin/clang -c -ferror-limit=0  conftest.c >&5
configure:7877: $? = 0
configure:7877: result: yes
configure:7877: checking for string.h
configure:7877: /home/hasantouma/building-checkedc-clang/llvm.obj/bin/clang -c -ferror-limit=0  conftest.c >&5
configure:7877: $? = 0
configure:7877: result: yes
configure:7877: checking for memory.h
configure:7877: /home/hasantouma/building-checkedc-clang/llvm.obj/bin/clang -c -ferror-limit=0  conftest.c >&5
configure:7877: $? = 0
configure:7877: result: yes
configure:7877: checking for strings.h
configure:7877: /home/hasantouma/building-checkedc-clang/llvm.obj/bin/clang -c -ferror-limit=0  conftest.c >&5
configure:7877: $? = 0
configure:7877: result: yes
configure:7877: checking for inttypes.h
configure:7877: /home/hasantouma/building-checkedc-clang/llvm.obj/bin/clang -c -ferror-limit=0  conftest.c >&5
configure:7877: $? = 0
configure:7877: result: yes
configure:7877: checking for stdint.h
configure:7877: /home/hasantouma/building-checkedc-clang/llvm.obj/bin/clang -c -ferror-limit=0  conftest.c >&5
configure:7877: $? = 0
configure:7877: result: yes
configure:7877: checking for unistd.h
configure:7877: /home/hasantouma/building-checkedc-clang/llvm.obj/bin/clang -c -ferror-limit=0  conftest.c >&5
configure:7877: $? = 0
configure:7877: result: yes
configure:7891: checking for dlfcn.h
configure:7891: /home/hasantouma/building-checkedc-clang/llvm.obj/bin/clang -c -ferror-limit=0  conftest.c >&5
configure:7891: $? = 0
configure:7891: result: yes
configure:8147: checking for objdir
configure:8162: result: .libs
configure:8426: checking if /home/hasantouma/building-checkedc-clang/llvm.obj/bin/clang supports -fno-rtti -fno-exceptions
configure:8444: /home/hasantouma/building-checkedc-clang/llvm.obj/bin/clang -c -ferror-limit=0  -fno-rtti -fno-exceptions conftest.c >&5
configure:8448: $? = 0
configure:8461: result: yes
configure:8819: checking for /home/hasantouma/building-checkedc-clang/llvm.obj/bin/clang option to produce PIC
configure:8826: result: -fPIC -DPIC
configure:8834: checking if /home/hasantouma/building-checkedc-clang/llvm.obj/bin/clang PIC flag -fPIC -DPIC works
configure:8852: /home/hasantouma/building-checkedc-clang/llvm.obj/bin/clang -c -ferror-limit=0  -fPIC -DPIC -DPIC conftest.c >&5
configure:8856: $? = 0
configure:8869: result: yes
configure:8898: checking if /home/hasantouma/building-checkedc-clang/llvm.obj/bin/clang static flag -static works
configure:8926: result: yes
configure:8941: checking if /home/hasantouma/building-checkedc-clang/llvm.obj/bin/clang supports -c -o file.o
configure:8962: /home/hasantouma/building-checkedc-clang/llvm.obj/bin/clang -c -ferror-limit=0  -o out/conftest2.o conftest.c >&5
configure:8966: $? = 0
configure:8988: result: yes
configure:8996: checking if /home/hasantouma/building-checkedc-clang/llvm.obj/bin/clang supports -c -o file.o
configure:9043: result: yes
configure:9076: checking whether the /home/hasantouma/building-checkedc-clang/llvm.obj/bin/clang linker (/usr/bin/ld -m elf_x86_64) supports shared libraries
configure:10339: result: yes
configure:10376: checking whether -lc should be explicitly linked in
configure:10384: /home/hasantouma/building-checkedc-clang/llvm.obj/bin/clang -c -ferror-limit=0  conftest.c >&5
configure:10387: $? = 0
configure:10402: /home/hasantouma/building-checkedc-clang/llvm.obj/bin/clang -shared  -fPIC -DPIC conftest.o  -v -Wl,-soname -Wl,conftest -o conftest 2\>\&1 \| /bin/grep  -lc  \>/dev/null 2\>\&1
configure:10405: $? = 0
configure:10419: result: no
configure:10579: checking dynamic linker characteristics
configure:11160: /home/hasantouma/building-checkedc-clang/llvm.obj/bin/clang -o conftest -ferror-limit=0  -I/home/hasantouma/building-checkedc-clang/llvm/projects/checkedc-wrapper/checkedc/include/ -Wl,-rpath -Wl,/foo conftest.c  >&5
configure:11160: $? = 0
configure:11409: result: GNU/Linux ld.so
configure:11531: checking how to hardcode library paths into programs
configure:11556: result: immediate
configure:12104: checking whether stripping libraries is possible
configure:12109: result: yes
configure:12144: checking if libtool supports shared libraries
configure:12146: result: yes
configure:12149: checking whether to build shared libraries
configure:12174: result: yes
configure:12177: checking whether to build static libraries
configure:12181: result: yes
configure:12225: checking for special C compiler options needed for large files
configure:12270: result: no
configure:12276: checking for _FILE_OFFSET_BITS value needed for large files
configure:12301: /home/hasantouma/building-checkedc-clang/llvm.obj/bin/clang -c -ferror-limit=0  conftest.c >&5
configure:12301: $? = 0
configure:12333: result: no
configure:12434: checking for ANSI C header files
configure:12538: result: yes
configure:12546: checking whether time.h and sys/time.h may both be included
configure:12566: /home/hasantouma/building-checkedc-clang/llvm.obj/bin/clang -c -ferror-limit=0  conftest.c >&5
configure:12566: $? = 0
configure:12573: result: yes
configure:12585: checking alloca.h usability
configure:12585: /home/hasantouma/building-checkedc-clang/llvm.obj/bin/clang -c -ferror-limit=0  conftest.c >&5
configure:12585: $? = 0
configure:12585: result: yes
configure:12585: checking alloca.h presence
configure:12585: /home/hasantouma/building-checkedc-clang/llvm.obj/bin/clang -E  conftest.c
configure:12585: $? = 0
configure:12585: result: yes
configure:12585: checking for alloca.h
configure:12585: result: yes
configure:12585: checking sys/timeb.h usability
configure:12585: /home/hasantouma/building-checkedc-clang/llvm.obj/bin/clang -c -ferror-limit=0  conftest.c >&5
configure:12585: $? = 0
configure:12585: result: yes
configure:12585: checking sys/timeb.h presence
configure:12585: /home/hasantouma/building-checkedc-clang/llvm.obj/bin/clang -E  conftest.c
configure:12585: $? = 0
configure:12585: result: yes
configure:12585: checking for sys/timeb.h
configure:12585: result: yes
configure:12598: checking for pwd.h
configure:12598: /home/hasantouma/building-checkedc-clang/llvm.obj/bin/clang -c -ferror-limit=0  conftest.c >&5
configure:12598: $? = 0
configure:12598: result: yes
configure:12598: checking for unistd.h
configure:12598: result: yes
configure:12598: checking for grp.h
configure:12598: /home/hasantouma/building-checkedc-clang/llvm.obj/bin/clang -c -ferror-limit=0  conftest.c >&5
configure:12598: $? = 0
configure:12598: result: yes
configure:12598: checking for sys/types.h
configure:12598: result: yes
configure:12611: checking for setuid
configure:12611: /home/hasantouma/building-checkedc-clang/llvm.obj/bin/clang -o conftest -ferror-limit=0  -I/home/hasantouma/building-checkedc-clang/llvm/projects/checkedc-wrapper/checkedc/include/ conftest.c  >&5
configure:12611: $? = 0
configure:12611: result: yes
configure:12622: checking for chroot
configure:12622: /home/hasantouma/building-checkedc-clang/llvm.obj/bin/clang -o conftest -ferror-limit=0  -I/home/hasantouma/building-checkedc-clang/llvm/projects/checkedc-wrapper/checkedc/include/ conftest.c  >&5
configure:12622: $? = 0
configure:12622: result: yes
configure:12633: checking for chown
configure:12633: /home/hasantouma/building-checkedc-clang/llvm.obj/bin/clang -o conftest -ferror-limit=0  -I/home/hasantouma/building-checkedc-clang/llvm/projects/checkedc-wrapper/checkedc/include/ conftest.c  >&5
configure:12633: $? = 0
configure:12633: result: yes
configure:12644: checking for strcasestr
configure:12644: /home/hasantouma/building-checkedc-clang/llvm.obj/bin/clang -o conftest -ferror-limit=0  -I/home/hasantouma/building-checkedc-clang/llvm/projects/checkedc-wrapper/checkedc/include/ conftest.c  >&5
configure:12644: $? = 0
configure:12644: result: yes
configure:12654: checking for __func__
configure:12667: /home/hasantouma/building-checkedc-clang/llvm.obj/bin/clang -c -ferror-limit=0  conftest.c >&5
configure:12667: $? = 0
configure:12668: result: yes
configure:12705: checking for localtime_r
configure:12705: /home/hasantouma/building-checkedc-clang/llvm.obj/bin/clang -o conftest -ferror-limit=0  -I/home/hasantouma/building-checkedc-clang/llvm/projects/checkedc-wrapper/checkedc/include/ conftest.c  >&5
configure:12705: $? = 0
configure:12705: result: yes
configure:12705: checking for poll
configure:12705: /home/hasantouma/building-checkedc-clang/llvm.obj/bin/clang -o conftest -ferror-limit=0  -I/home/hasantouma/building-checkedc-clang/llvm/projects/checkedc-wrapper/checkedc/include/ conftest.c  >&5
configure:12705: $? = 0
configure:12705: result: yes
configure:12705: checking for gettimeofday
configure:12705: /home/hasantouma/building-checkedc-clang/llvm.obj/bin/clang -o conftest -ferror-limit=0  -I/home/hasantouma/building-checkedc-clang/llvm/projects/checkedc-wrapper/checkedc/include/ conftest.c  >&5
configure:12705: $? = 0
configure:12705: result: yes
configure:12705: checking for ftime
configure:12705: /home/hasantouma/building-checkedc-clang/llvm.obj/bin/clang -o conftest -ferror-limit=0  -I/home/hasantouma/building-checkedc-clang/llvm/projects/checkedc-wrapper/checkedc/include/ conftest.c  >&5
configure:12705: $? = 0
configure:12705: result: yes
configure:12714: checking for library containing nanosleep
configure:12745: /home/hasantouma/building-checkedc-clang/llvm.obj/bin/clang -o conftest -ferror-limit=0  -I/home/hasantouma/building-checkedc-clang/llvm/projects/checkedc-wrapper/checkedc/include/ conftest.c  >&5
configure:12745: $? = 0
configure:12762: result: none required
configure:12774: checking sys/socket.h usability
configure:12774: /home/hasantouma/building-checkedc-clang/llvm.obj/bin/clang -c -ferror-limit=0  conftest.c >&5
configure:12774: $? = 0
configure:12774: result: yes
configure:12774: checking sys/socket.h presence
configure:12774: /home/hasantouma/building-checkedc-clang/llvm.obj/bin/clang -E  conftest.c
configure:12774: $? = 0
configure:12774: result: yes
configure:12774: checking for sys/socket.h
configure:12774: result: yes
configure:12784: checking for socklen_t
configure:12784: /home/hasantouma/building-checkedc-clang/llvm.obj/bin/clang -c -ferror-limit=0  conftest.c >&5
configure:12784: $? = 0
configure:12784: /home/hasantouma/building-checkedc-clang/llvm.obj/bin/clang -c -ferror-limit=0  conftest.c >&5
conftest.c:53:24: error: expected expression
if (sizeof ((socklen_t)))
                       ^
1 error generated.
configure:12784: $? = 1
configure: failed program was:
| /* confdefs.h */
| #define PACKAGE_NAME "Icecast"
| #define PACKAGE_TARNAME "icecast"
| #define PACKAGE_VERSION "2.4.4"
| #define PACKAGE_STRING "Icecast 2.4.4"
| #define PACKAGE_BUGREPORT "icecast@xiph.org"
| #define PACKAGE_URL ""
| #define PACKAGE "icecast"
| #define VERSION "2.4.4"
| #define STDC_HEADERS 1
| #define HAVE_SYS_TYPES_H 1
| #define HAVE_SYS_STAT_H 1
| #define HAVE_STDLIB_H 1
| #define HAVE_STRING_H 1
| #define HAVE_MEMORY_H 1
| #define HAVE_STRINGS_H 1
| #define HAVE_INTTYPES_H 1
| #define HAVE_STDINT_H 1
| #define HAVE_UNISTD_H 1
| #define HAVE_DLFCN_H 1
| #define LT_OBJDIR ".libs/"
| #define _GNU_SOURCE 1
| #define STDC_HEADERS 1
| #define TIME_WITH_SYS_TIME 1
| #define HAVE_ALLOCA_H 1
| #define HAVE_SYS_TIMEB_H 1
| #define HAVE_PWD_H 1
| #define HAVE_UNISTD_H 1
| #define HAVE_GRP_H 1
| #define HAVE_SYS_TYPES_H 1
| #define HAVE_SETUID 1
| #define HAVE_CHROOT 1
| #define HAVE_CHOWN 1
| #define HAVE_STRCASESTR 1
| #define HAVE_LOCALTIME_R 1
| #define HAVE_POLL 1
| #define HAVE_GETTIMEOFDAY 1
| #define HAVE_FTIME 1
| #define HAVE_NANOSLEEP 1
| #define HAVE_SYS_SOCKET_H 1
| /* end confdefs.h.  */
| #if HAVE_SYS_TYPES_H
| # include <sys/types.h>
| #endif
| #if HAVE_SYS_SOCKET_H
| # include <sys/socket.h>
| #endif
| 
| 
| int
| main ()
| {
| if (sizeof ((socklen_t)))
| 	    return 0;
|   ;
|   return 0;
| }
configure:12784: result: yes
configure:12803: checking for va_copy
configure:12816: /home/hasantouma/building-checkedc-clang/llvm.obj/bin/clang -o conftest -ferror-limit=0  -I/home/hasantouma/building-checkedc-clang/llvm/projects/checkedc-wrapper/checkedc/include/ conftest.c  >&5
configure:12816: $? = 0
configure:12817: result: va_copy
configure:12856: checking sys/select.h usability
configure:12856: /home/hasantouma/building-checkedc-clang/llvm.obj/bin/clang -c -ferror-limit=0  conftest.c >&5
configure:12856: $? = 0
configure:12856: result: yes
configure:12856: checking sys/select.h presence
configure:12856: /home/hasantouma/building-checkedc-clang/llvm.obj/bin/clang -E  conftest.c
configure:12856: $? = 0
configure:12856: result: yes
configure:12856: checking for sys/select.h
configure:12856: result: yes
configure:12856: checking sys/uio.h usability
configure:12856: /home/hasantouma/building-checkedc-clang/llvm.obj/bin/clang -c -ferror-limit=0  conftest.c >&5
configure:12856: $? = 0
configure:12856: result: yes
configure:12856: checking sys/uio.h presence
configure:12856: /home/hasantouma/building-checkedc-clang/llvm.obj/bin/clang -E  conftest.c
configure:12856: $? = 0
configure:12856: result: yes
configure:12856: checking for sys/uio.h
configure:12856: result: yes
configure:12866: checking winsock2.h usability
configure:12866: /home/hasantouma/building-checkedc-clang/llvm.obj/bin/clang -c -ferror-limit=0  conftest.c >&5
conftest.c:78:10: fatal error: 'winsock2.h' file not found
#include <winsock2.h>
         ^~~~~~~~~~~~
1 error generated.
configure:12866: $? = 1
configure: failed program was:
| /* confdefs.h */
| #define PACKAGE_NAME "Icecast"
| #define PACKAGE_TARNAME "icecast"
| #define PACKAGE_VERSION "2.4.4"
| #define PACKAGE_STRING "Icecast 2.4.4"
| #define PACKAGE_BUGREPORT "icecast@xiph.org"
| #define PACKAGE_URL ""
| #define PACKAGE "icecast"
| #define VERSION "2.4.4"
| #define STDC_HEADERS 1
| #define HAVE_SYS_TYPES_H 1
| #define HAVE_SYS_STAT_H 1
| #define HAVE_STDLIB_H 1
| #define HAVE_STRING_H 1
| #define HAVE_MEMORY_H 1
| #define HAVE_STRINGS_H 1
| #define HAVE_INTTYPES_H 1
| #define HAVE_STDINT_H 1
| #define HAVE_UNISTD_H 1
| #define HAVE_DLFCN_H 1
| #define LT_OBJDIR ".libs/"
| #define _GNU_SOURCE 1
| #define STDC_HEADERS 1
| #define TIME_WITH_SYS_TIME 1
| #define HAVE_ALLOCA_H 1
| #define HAVE_SYS_TIMEB_H 1
| #define HAVE_PWD_H 1
| #define HAVE_UNISTD_H 1
| #define HAVE_GRP_H 1
| #define HAVE_SYS_TYPES_H 1
| #define HAVE_SETUID 1
| #define HAVE_CHROOT 1
| #define HAVE_CHOWN 1
| #define HAVE_STRCASESTR 1
| #define HAVE_LOCALTIME_R 1
| #define HAVE_POLL 1
| #define HAVE_GETTIMEOFDAY 1
| #define HAVE_FTIME 1
| #define HAVE_NANOSLEEP 1
| #define HAVE_SYS_SOCKET_H 1
| #define HAVE_SOCKLEN_T 1
| #define HAVE_SYS_SELECT_H 1
| #define HAVE_SYS_UIO_H 1
| /* end confdefs.h.  */
| #include <stdio.h>
| #ifdef HAVE_SYS_TYPES_H
| # include <sys/types.h>
| #endif
| #ifdef HAVE_SYS_STAT_H
| # include <sys/stat.h>
| #endif
| #ifdef STDC_HEADERS
| # include <stdlib.h>
| # include <stddef.h>
| #else
| # ifdef HAVE_STDLIB_H
| #  include <stdlib.h>
| # endif
| #endif
| #ifdef HAVE_STRING_H
| # if !defined STDC_HEADERS && defined HAVE_MEMORY_H
| #  include <memory.h>
| # endif
| # include <string.h>
| #endif
| #ifdef HAVE_STRINGS_H
| # include <strings.h>
| #endif
| #ifdef HAVE_INTTYPES_H
| # include <inttypes.h>
| #endif
| #ifdef HAVE_STDINT_H
| # include <stdint.h>
| #endif
| #ifdef HAVE_UNISTD_H
| # include <unistd.h>
| #endif
| #include <winsock2.h>
configure:12866: result: no
configure:12866: checking winsock2.h presence
configure:12866: /home/hasantouma/building-checkedc-clang/llvm.obj/bin/clang -E  conftest.c
conftest.c:45:10: fatal error: 'winsock2.h' file not found
#include <winsock2.h>
         ^~~~~~~~~~~~
1 error generated.
configure:12866: $? = 1
configure: failed program was:
| /* confdefs.h */
| #define PACKAGE_NAME "Icecast"
| #define PACKAGE_TARNAME "icecast"
| #define PACKAGE_VERSION "2.4.4"
| #define PACKAGE_STRING "Icecast 2.4.4"
| #define PACKAGE_BUGREPORT "icecast@xiph.org"
| #define PACKAGE_URL ""
| #define PACKAGE "icecast"
| #define VERSION "2.4.4"
| #define STDC_HEADERS 1
| #define HAVE_SYS_TYPES_H 1
| #define HAVE_SYS_STAT_H 1
| #define HAVE_STDLIB_H 1
| #define HAVE_STRING_H 1
| #define HAVE_MEMORY_H 1
| #define HAVE_STRINGS_H 1
| #define HAVE_INTTYPES_H 1
| #define HAVE_STDINT_H 1
| #define HAVE_UNISTD_H 1
| #define HAVE_DLFCN_H 1
| #define LT_OBJDIR ".libs/"
| #define _GNU_SOURCE 1
| #define STDC_HEADERS 1
| #define TIME_WITH_SYS_TIME 1
| #define HAVE_ALLOCA_H 1
| #define HAVE_SYS_TIMEB_H 1
| #define HAVE_PWD_H 1
| #define HAVE_UNISTD_H 1
| #define HAVE_GRP_H 1
| #define HAVE_SYS_TYPES_H 1
| #define HAVE_SETUID 1
| #define HAVE_CHROOT 1
| #define HAVE_CHOWN 1
| #define HAVE_STRCASESTR 1
| #define HAVE_LOCALTIME_R 1
| #define HAVE_POLL 1
| #define HAVE_GETTIMEOFDAY 1
| #define HAVE_FTIME 1
| #define HAVE_NANOSLEEP 1
| #define HAVE_SYS_SOCKET_H 1
| #define HAVE_SOCKLEN_T 1
| #define HAVE_SYS_SELECT_H 1
| #define HAVE_SYS_UIO_H 1
| /* end confdefs.h.  */
| #include <winsock2.h>
configure:12866: result: no
configure:12866: checking for winsock2.h
configure:12866: result: no
configure:12877: checking for library containing sethostent
configure:12908: /home/hasantouma/building-checkedc-clang/llvm.obj/bin/clang -o conftest -ferror-limit=0  -I/home/hasantouma/building-checkedc-clang/llvm/projects/checkedc-wrapper/checkedc/include/ conftest.c  >&5
configure:12908: $? = 0
configure:12925: result: none required
configure:12935: checking for library containing getnameinfo
configure:12966: /home/hasantouma/building-checkedc-clang/llvm.obj/bin/clang -o conftest -ferror-limit=0  -I/home/hasantouma/building-checkedc-clang/llvm/projects/checkedc-wrapper/checkedc/include/ conftest.c  >&5
configure:12966: $? = 0
configure:12983: result: none required
configure:12996: checking for endhostent
configure:12996: /home/hasantouma/building-checkedc-clang/llvm.obj/bin/clang -o conftest -ferror-limit=0  -I/home/hasantouma/building-checkedc-clang/llvm/projects/checkedc-wrapper/checkedc/include/ conftest.c  >&5
configure:12996: $? = 0
configure:12996: result: yes
configure:12996: checking for getaddrinfo
configure:12996: /home/hasantouma/building-checkedc-clang/llvm.obj/bin/clang -o conftest -ferror-limit=0  -I/home/hasantouma/building-checkedc-clang/llvm/projects/checkedc-wrapper/checkedc/include/ conftest.c  >&5
configure:12996: $? = 0
configure:12996: result: yes
configure:12996: checking for inet_aton
configure:12996: /home/hasantouma/building-checkedc-clang/llvm.obj/bin/clang -o conftest -ferror-limit=0  -I/home/hasantouma/building-checkedc-clang/llvm/projects/checkedc-wrapper/checkedc/include/ conftest.c  >&5
configure:12996: $? = 0
configure:12996: result: yes
configure:12996: checking for writev
configure:12996: /home/hasantouma/building-checkedc-clang/llvm.obj/bin/clang -o conftest -ferror-limit=0  -I/home/hasantouma/building-checkedc-clang/llvm/projects/checkedc-wrapper/checkedc/include/ conftest.c  >&5
configure:12996: $? = 0
configure:12996: result: yes
configure:13007: checking for struct sockaddr_storage.ss_family
configure:13007: /home/hasantouma/building-checkedc-clang/llvm.obj/bin/clang -c -ferror-limit=0  conftest.c >&5
configure:13007: $? = 0
configure:13007: result: yes
configure:13018: checking for inet_pton
configure:13018: /home/hasantouma/building-checkedc-clang/llvm.obj/bin/clang -o conftest -ferror-limit=0  -I/home/hasantouma/building-checkedc-clang/llvm/projects/checkedc-wrapper/checkedc/include/ conftest.c  >&5
configure:13018: $? = 0
configure:13018: result: yes
configure:13042: checking for xslt-config
configure:13060: found /usr/bin/xslt-config
configure:13072: result: /usr/bin/xslt-config
configure:13101: checking for xsltSaveResultToString
configure:13101: /home/hasantouma/building-checkedc-clang/llvm.obj/bin/clang -o conftest -ferror-limit=0 -I/usr/include/libxml2  -I/home/hasantouma/building-checkedc-clang/llvm/projects/checkedc-wrapper/checkedc/include/ conftest.c -lxslt -lxml2  >&5
configure:13101: $? = 0
configure:13101: result: yes
configure:13177: /home/hasantouma/building-checkedc-clang/llvm.obj/bin/clang -c -Werror -I/usr/local/include  conftest.c >&5
configure:13177: $? = 0
configure:13194: checking for libogg
configure:13228: /home/hasantouma/building-checkedc-clang/llvm.obj/bin/clang -o conftest -ferror-limit=0 -I/usr/local/include  -I/home/hasantouma/building-checkedc-clang/llvm/projects/checkedc-wrapper/checkedc/include/ -L/usr/local/lib conftest.c  -logg >&5
configure:13228: $? = 0
configure:13258: result: ok
configure:13345: checking for libvorbis
configure:13365: /home/hasantouma/building-checkedc-clang/llvm.obj/bin/clang -o conftest -ferror-limit=0  -I/usr/local/include -I/home/hasantouma/building-checkedc-clang/llvm/projects/checkedc-wrapper/checkedc/include/ -L/usr/local/lib conftest.c  -lvorbis >&5
/usr/bin/ld: /tmp/conftest-3066af.o: undefined reference to symbol 'ogg_stream_init'
//usr/lib/x86_64-linux-gnu/libogg.so.0: error adding symbols: DSO missing from command line
clang-8: error: linker command failed with exit code 1 (use -v to see invocation)
configure:13365: $? = 1
configure: failed program was:
| /* confdefs.h */
| #define PACKAGE_NAME "Icecast"
| #define PACKAGE_TARNAME "icecast"
| #define PACKAGE_VERSION "2.4.4"
| #define PACKAGE_STRING "Icecast 2.4.4"
| #define PACKAGE_BUGREPORT "icecast@xiph.org"
| #define PACKAGE_URL ""
| #define PACKAGE "icecast"
| #define VERSION "2.4.4"
| #define STDC_HEADERS 1
| #define HAVE_SYS_TYPES_H 1
| #define HAVE_SYS_STAT_H 1
| #define HAVE_STDLIB_H 1
| #define HAVE_STRING_H 1
| #define HAVE_MEMORY_H 1
| #define HAVE_STRINGS_H 1
| #define HAVE_INTTYPES_H 1
| #define HAVE_STDINT_H 1
| #define HAVE_UNISTD_H 1
| #define HAVE_DLFCN_H 1
| #define LT_OBJDIR ".libs/"
| #define _GNU_SOURCE 1
| #define STDC_HEADERS 1
| #define TIME_WITH_SYS_TIME 1
| #define HAVE_ALLOCA_H 1
| #define HAVE_SYS_TIMEB_H 1
| #define HAVE_PWD_H 1
| #define HAVE_UNISTD_H 1
| #define HAVE_GRP_H 1
| #define HAVE_SYS_TYPES_H 1
| #define HAVE_SETUID 1
| #define HAVE_CHROOT 1
| #define HAVE_CHOWN 1
| #define HAVE_STRCASESTR 1
| #define HAVE_LOCALTIME_R 1
| #define HAVE_POLL 1
| #define HAVE_GETTIMEOFDAY 1
| #define HAVE_FTIME 1
| #define HAVE_NANOSLEEP 1
| #define HAVE_SYS_SOCKET_H 1
| #define HAVE_SOCKLEN_T 1
| #define HAVE_SYS_SELECT_H 1
| #define HAVE_SYS_UIO_H 1
| #define HAVE_SETHOSTENT 1
| #define HAVE_GETNAMEINFO 1
| #define HAVE_ENDHOSTENT 1
| #define HAVE_GETADDRINFO 1
| #define HAVE_INET_ATON 1
| #define HAVE_WRITEV 1
| #define HAVE_STRUCT_SOCKADDR_STORAGE_SS_FAMILY 1
| #define HAVE_INET_PTON 1
| #define HAVE_XSLTSAVERESULTTOSTRING 1
| #define HAVE_OGG 1
| /* end confdefs.h.  */
| 
| /* Override any GCC internal prototype to avoid an error.
|    Use char because int might match the return type of a GCC
|    builtin and then its argument prototype would still apply.  */
| #ifdef __cplusplus
| extern "C"
| #endif
| char ogg_stream_init ();
| int
| main ()
| {
| return ogg_stream_init ();
|   ;
|   return 0;
| }
configure:13387: /home/hasantouma/building-checkedc-clang/llvm.obj/bin/clang -o conftest -ferror-limit=0  -I/usr/local/include -I/home/hasantouma/building-checkedc-clang/llvm/projects/checkedc-wrapper/checkedc/include/ -L/usr/local/lib conftest.c  -lvorbis -logg -lm >&5
configure:13387: $? = 0
configure:13418: /home/hasantouma/building-checkedc-clang/llvm.obj/bin/clang -c -ferror-limit=0  -I/usr/local/include conftest.c >&5
configure:13418: $? = 0
configure:13424: result: ok
configure:13563: checking for libtheora
configure:13583: /home/hasantouma/building-checkedc-clang/llvm.obj/bin/clang -o conftest -ferror-limit=0  -I/home/hasantouma/building-checkedc-clang/llvm/projects/checkedc-wrapper/checkedc/include/ -L/usr/local/lib conftest.c  -ltheora -logg >&5
/usr/bin/ld: cannot find -ltheora
clang-8: error: linker command failed with exit code 1 (use -v to see invocation)
configure:13583: $? = 1
configure: failed program was:
| /* confdefs.h */
| #define PACKAGE_NAME "Icecast"
| #define PACKAGE_TARNAME "icecast"
| #define PACKAGE_VERSION "2.4.4"
| #define PACKAGE_STRING "Icecast 2.4.4"
| #define PACKAGE_BUGREPORT "icecast@xiph.org"
| #define PACKAGE_URL ""
| #define PACKAGE "icecast"
| #define VERSION "2.4.4"
| #define STDC_HEADERS 1
| #define HAVE_SYS_TYPES_H 1
| #define HAVE_SYS_STAT_H 1
| #define HAVE_STDLIB_H 1
| #define HAVE_STRING_H 1
| #define HAVE_MEMORY_H 1
| #define HAVE_STRINGS_H 1
| #define HAVE_INTTYPES_H 1
| #define HAVE_STDINT_H 1
| #define HAVE_UNISTD_H 1
| #define HAVE_DLFCN_H 1
| #define LT_OBJDIR ".libs/"
| #define _GNU_SOURCE 1
| #define STDC_HEADERS 1
| #define TIME_WITH_SYS_TIME 1
| #define HAVE_ALLOCA_H 1
| #define HAVE_SYS_TIMEB_H 1
| #define HAVE_PWD_H 1
| #define HAVE_UNISTD_H 1
| #define HAVE_GRP_H 1
| #define HAVE_SYS_TYPES_H 1
| #define HAVE_SETUID 1
| #define HAVE_CHROOT 1
| #define HAVE_CHOWN 1
| #define HAVE_STRCASESTR 1
| #define HAVE_LOCALTIME_R 1
| #define HAVE_POLL 1
| #define HAVE_GETTIMEOFDAY 1
| #define HAVE_FTIME 1
| #define HAVE_NANOSLEEP 1
| #define HAVE_SYS_SOCKET_H 1
| #define HAVE_SOCKLEN_T 1
| #define HAVE_SYS_SELECT_H 1
| #define HAVE_SYS_UIO_H 1
| #define HAVE_SETHOSTENT 1
| #define HAVE_GETNAMEINFO 1
| #define HAVE_ENDHOSTENT 1
| #define HAVE_GETADDRINFO 1
| #define HAVE_INET_ATON 1
| #define HAVE_WRITEV 1
| #define HAVE_STRUCT_SOCKADDR_STORAGE_SS_FAMILY 1
| #define HAVE_INET_PTON 1
| #define HAVE_XSLTSAVERESULTTOSTRING 1
| #define HAVE_OGG 1
| /* end confdefs.h.  */
| 
| /* Override any GCC internal prototype to avoid an error.
|    Use char because int might match the return type of a GCC
|    builtin and then its argument prototype would still apply.  */
| #ifdef __cplusplus
| extern "C"
| #endif
| char theora_decode_header ();
| int
| main ()
| {
| return theora_decode_header ();
|   ;
|   return 0;
| }
configure:13676: result: Not found
configure:13678: WARNING: Theora disabled!
configure:13760: checking for libspeex
configure:13780: /home/hasantouma/building-checkedc-clang/llvm.obj/bin/clang -o conftest -ferror-limit=0  -I/home/hasantouma/building-checkedc-clang/llvm/projects/checkedc-wrapper/checkedc/include/ -L/usr/local/lib conftest.c  -lspeex >&5
/usr/bin/ld: cannot find -lspeex
clang-8: error: linker command failed with exit code 1 (use -v to see invocation)
configure:13780: $? = 1
configure: failed program was:
| /* confdefs.h */
| #define PACKAGE_NAME "Icecast"
| #define PACKAGE_TARNAME "icecast"
| #define PACKAGE_VERSION "2.4.4"
| #define PACKAGE_STRING "Icecast 2.4.4"
| #define PACKAGE_BUGREPORT "icecast@xiph.org"
| #define PACKAGE_URL ""
| #define PACKAGE "icecast"
| #define VERSION "2.4.4"
| #define STDC_HEADERS 1
| #define HAVE_SYS_TYPES_H 1
| #define HAVE_SYS_STAT_H 1
| #define HAVE_STDLIB_H 1
| #define HAVE_STRING_H 1
| #define HAVE_MEMORY_H 1
| #define HAVE_STRINGS_H 1
| #define HAVE_INTTYPES_H 1
| #define HAVE_STDINT_H 1
| #define HAVE_UNISTD_H 1
| #define HAVE_DLFCN_H 1
| #define LT_OBJDIR ".libs/"
| #define _GNU_SOURCE 1
| #define STDC_HEADERS 1
| #define TIME_WITH_SYS_TIME 1
| #define HAVE_ALLOCA_H 1
| #define HAVE_SYS_TIMEB_H 1
| #define HAVE_PWD_H 1
| #define HAVE_UNISTD_H 1
| #define HAVE_GRP_H 1
| #define HAVE_SYS_TYPES_H 1
| #define HAVE_SETUID 1
| #define HAVE_CHROOT 1
| #define HAVE_CHOWN 1
| #define HAVE_STRCASESTR 1
| #define HAVE_LOCALTIME_R 1
| #define HAVE_POLL 1
| #define HAVE_GETTIMEOFDAY 1
| #define HAVE_FTIME 1
| #define HAVE_NANOSLEEP 1
| #define HAVE_SYS_SOCKET_H 1
| #define HAVE_SOCKLEN_T 1
| #define HAVE_SYS_SELECT_H 1
| #define HAVE_SYS_UIO_H 1
| #define HAVE_SETHOSTENT 1
| #define HAVE_GETNAMEINFO 1
| #define HAVE_ENDHOSTENT 1
| #define HAVE_GETADDRINFO 1
| #define HAVE_INET_ATON 1
| #define HAVE_WRITEV 1
| #define HAVE_STRUCT_SOCKADDR_STORAGE_SS_FAMILY 1
| #define HAVE_INET_PTON 1
| #define HAVE_XSLTSAVERESULTTOSTRING 1
| #define HAVE_OGG 1
| /* end confdefs.h.  */
| 
| /* Override any GCC internal prototype to avoid an error.
|    Use char because int might match the return type of a GCC
|    builtin and then its argument prototype would still apply.  */
| #ifdef __cplusplus
| extern "C"
| #endif
| char ogg_stream_init ();
| int
| main ()
| {
| return ogg_stream_init ();
|   ;
|   return 0;
| }
configure:13803: /home/hasantouma/building-checkedc-clang/llvm.obj/bin/clang -o conftest -ferror-limit=0  -I/home/hasantouma/building-checkedc-clang/llvm/projects/checkedc-wrapper/checkedc/include/ -L/usr/local/lib conftest.c  -lspeex -logg >&5
/usr/bin/ld: cannot find -lspeex
clang-8: error: linker command failed with exit code 1 (use -v to see invocation)
configure:13803: $? = 1
configure: failed program was:
| /* confdefs.h */
| #define PACKAGE_NAME "Icecast"
| #define PACKAGE_TARNAME "icecast"
| #define PACKAGE_VERSION "2.4.4"
| #define PACKAGE_STRING "Icecast 2.4.4"
| #define PACKAGE_BUGREPORT "icecast@xiph.org"
| #define PACKAGE_URL ""
| #define PACKAGE "icecast"
| #define VERSION "2.4.4"
| #define STDC_HEADERS 1
| #define HAVE_SYS_TYPES_H 1
| #define HAVE_SYS_STAT_H 1
| #define HAVE_STDLIB_H 1
| #define HAVE_STRING_H 1
| #define HAVE_MEMORY_H 1
| #define HAVE_STRINGS_H 1
| #define HAVE_INTTYPES_H 1
| #define HAVE_STDINT_H 1
| #define HAVE_UNISTD_H 1
| #define HAVE_DLFCN_H 1
| #define LT_OBJDIR ".libs/"
| #define _GNU_SOURCE 1
| #define STDC_HEADERS 1
| #define TIME_WITH_SYS_TIME 1
| #define HAVE_ALLOCA_H 1
| #define HAVE_SYS_TIMEB_H 1
| #define HAVE_PWD_H 1
| #define HAVE_UNISTD_H 1
| #define HAVE_GRP_H 1
| #define HAVE_SYS_TYPES_H 1
| #define HAVE_SETUID 1
| #define HAVE_CHROOT 1
| #define HAVE_CHOWN 1
| #define HAVE_STRCASESTR 1
| #define HAVE_LOCALTIME_R 1
| #define HAVE_POLL 1
| #define HAVE_GETTIMEOFDAY 1
| #define HAVE_FTIME 1
| #define HAVE_NANOSLEEP 1
| #define HAVE_SYS_SOCKET_H 1
| #define HAVE_SOCKLEN_T 1
| #define HAVE_SYS_SELECT_H 1
| #define HAVE_SYS_UIO_H 1
| #define HAVE_SETHOSTENT 1
| #define HAVE_GETNAMEINFO 1
| #define HAVE_ENDHOSTENT 1
| #define HAVE_GETADDRINFO 1
| #define HAVE_INET_ATON 1
| #define HAVE_WRITEV 1
| #define HAVE_STRUCT_SOCKADDR_STORAGE_SS_FAMILY 1
| #define HAVE_INET_PTON 1
| #define HAVE_XSLTSAVERESULTTOSTRING 1
| #define HAVE_OGG 1
| /* end confdefs.h.  */
| 
| /* Override any GCC internal prototype to avoid an error.
|    Use char because int might match the return type of a GCC
|    builtin and then its argument prototype would still apply.  */
| #ifdef __cplusplus
| extern "C"
| #endif
| char ogg_stream_init ();
| int
| main ()
| {
| return ogg_stream_init ();
|   ;
|   return 0;
| }
configure:13889: WARNING: Speex support disabled!
configure:13902: checking for kate_decode_init in -lkate
configure:13927: /home/hasantouma/building-checkedc-clang/llvm.obj/bin/clang -o conftest -ferror-limit=0  -I/home/hasantouma/building-checkedc-clang/llvm/projects/checkedc-wrapper/checkedc/include/ conftest.c -lkate -logg  >&5
/usr/bin/ld: cannot find -lkate
clang-8: error: linker command failed with exit code 1 (use -v to see invocation)
configure:13927: $? = 1
configure: failed program was:
| /* confdefs.h */
| #define PACKAGE_NAME "Icecast"
| #define PACKAGE_TARNAME "icecast"
| #define PACKAGE_VERSION "2.4.4"
| #define PACKAGE_STRING "Icecast 2.4.4"
| #define PACKAGE_BUGREPORT "icecast@xiph.org"
| #define PACKAGE_URL ""
| #define PACKAGE "icecast"
| #define VERSION "2.4.4"
| #define STDC_HEADERS 1
| #define HAVE_SYS_TYPES_H 1
| #define HAVE_SYS_STAT_H 1
| #define HAVE_STDLIB_H 1
| #define HAVE_STRING_H 1
| #define HAVE_MEMORY_H 1
| #define HAVE_STRINGS_H 1
| #define HAVE_INTTYPES_H 1
| #define HAVE_STDINT_H 1
| #define HAVE_UNISTD_H 1
| #define HAVE_DLFCN_H 1
| #define LT_OBJDIR ".libs/"
| #define _GNU_SOURCE 1
| #define STDC_HEADERS 1
| #define TIME_WITH_SYS_TIME 1
| #define HAVE_ALLOCA_H 1
| #define HAVE_SYS_TIMEB_H 1
| #define HAVE_PWD_H 1
| #define HAVE_UNISTD_H 1
| #define HAVE_GRP_H 1
| #define HAVE_SYS_TYPES_H 1
| #define HAVE_SETUID 1
| #define HAVE_CHROOT 1
| #define HAVE_CHOWN 1
| #define HAVE_STRCASESTR 1
| #define HAVE_LOCALTIME_R 1
| #define HAVE_POLL 1
| #define HAVE_GETTIMEOFDAY 1
| #define HAVE_FTIME 1
| #define HAVE_NANOSLEEP 1
| #define HAVE_SYS_SOCKET_H 1
| #define HAVE_SOCKLEN_T 1
| #define HAVE_SYS_SELECT_H 1
| #define HAVE_SYS_UIO_H 1
| #define HAVE_SETHOSTENT 1
| #define HAVE_GETNAMEINFO 1
| #define HAVE_ENDHOSTENT 1
| #define HAVE_GETADDRINFO 1
| #define HAVE_INET_ATON 1
| #define HAVE_WRITEV 1
| #define HAVE_STRUCT_SOCKADDR_STORAGE_SS_FAMILY 1
| #define HAVE_INET_PTON 1
| #define HAVE_XSLTSAVERESULTTOSTRING 1
| #define HAVE_OGG 1
| /* end confdefs.h.  */
| 
| /* Override any GCC internal prototype to avoid an error.
|    Use char because int might match the return type of a GCC
|    builtin and then its argument prototype would still apply.  */
| #ifdef __cplusplus
| extern "C"
| #endif
| char kate_decode_init ();
| int
| main ()
| {
| return kate_decode_init ();
|   ;
|   return 0;
| }
configure:13936: result: no
configure:14163: checking for the pthreads library -lpthreads
configure:14196: /home/hasantouma/building-checkedc-clang/llvm.obj/bin/clang -o conftest -ferror-limit=0   -I/home/hasantouma/building-checkedc-clang/llvm/projects/checkedc-wrapper/checkedc/include/ conftest.c -lpthreads  >&5
conftest.c:60:41: warning: null passed to a callee that requires a non-null argument [-Wnonnull]
                     pthread_attr_init(0); pthread_cleanup_push(0, 0);
                                       ~^
conftest.c:61:44: warning: null passed to a callee that requires a non-null argument [-Wnonnull]
                     pthread_create(0,0,0,0); pthread_cleanup_pop(0);
                                    ~      ^
conftest.c:61:44: warning: null passed to a callee that requires a non-null argument [-Wnonnull]
                     pthread_create(0,0,0,0); pthread_cleanup_pop(0);
                                        ~  ^
3 warnings generated.
/usr/bin/ld: cannot find -lpthreads
clang-8: error: linker command failed with exit code 1 (use -v to see invocation)
configure:14196: $? = 1
configure: failed program was:
| /* confdefs.h */
| #define PACKAGE_NAME "Icecast"
| #define PACKAGE_TARNAME "icecast"
| #define PACKAGE_VERSION "2.4.4"
| #define PACKAGE_STRING "Icecast 2.4.4"
| #define PACKAGE_BUGREPORT "icecast@xiph.org"
| #define PACKAGE_URL ""
| #define PACKAGE "icecast"
| #define VERSION "2.4.4"
| #define STDC_HEADERS 1
| #define HAVE_SYS_TYPES_H 1
| #define HAVE_SYS_STAT_H 1
| #define HAVE_STDLIB_H 1
| #define HAVE_STRING_H 1
| #define HAVE_MEMORY_H 1
| #define HAVE_STRINGS_H 1
| #define HAVE_INTTYPES_H 1
| #define HAVE_STDINT_H 1
| #define HAVE_UNISTD_H 1
| #define HAVE_DLFCN_H 1
| #define LT_OBJDIR ".libs/"
| #define _GNU_SOURCE 1
| #define STDC_HEADERS 1
| #define TIME_WITH_SYS_TIME 1
| #define HAVE_ALLOCA_H 1
| #define HAVE_SYS_TIMEB_H 1
| #define HAVE_PWD_H 1
| #define HAVE_UNISTD_H 1
| #define HAVE_GRP_H 1
| #define HAVE_SYS_TYPES_H 1
| #define HAVE_SETUID 1
| #define HAVE_CHROOT 1
| #define HAVE_CHOWN 1
| #define HAVE_STRCASESTR 1
| #define HAVE_LOCALTIME_R 1
| #define HAVE_POLL 1
| #define HAVE_GETTIMEOFDAY 1
| #define HAVE_FTIME 1
| #define HAVE_NANOSLEEP 1
| #define HAVE_SYS_SOCKET_H 1
| #define HAVE_SOCKLEN_T 1
| #define HAVE_SYS_SELECT_H 1
| #define HAVE_SYS_UIO_H 1
| #define HAVE_SETHOSTENT 1
| #define HAVE_GETNAMEINFO 1
| #define HAVE_ENDHOSTENT 1
| #define HAVE_GETADDRINFO 1
| #define HAVE_INET_ATON 1
| #define HAVE_WRITEV 1
| #define HAVE_STRUCT_SOCKADDR_STORAGE_SS_FAMILY 1
| #define HAVE_INET_PTON 1
| #define HAVE_XSLTSAVERESULTTOSTRING 1
| #define HAVE_OGG 1
| /* end confdefs.h.  */
| #include <pthread.h>
| int
| main ()
| {
| pthread_t th; pthread_join(th, 0);
|                      pthread_attr_init(0); pthread_cleanup_push(0, 0);
|                      pthread_create(0,0,0,0); pthread_cleanup_pop(0);
|   ;
|   return 0;
| }
configure:14205: result: no
configure:14108: checking whether pthreads work without any flags
configure:14196: /home/hasantouma/building-checkedc-clang/llvm.obj/bin/clang -o conftest -ferror-limit=0   -I/home/hasantouma/building-checkedc-clang/llvm/projects/checkedc-wrapper/checkedc/include/ conftest.c   >&5
conftest.c:60:41: warning: null passed to a callee that requires a non-null argument [-Wnonnull]
                     pthread_attr_init(0); pthread_cleanup_push(0, 0);
                                       ~^
conftest.c:61:44: warning: null passed to a callee that requires a non-null argument [-Wnonnull]
                     pthread_create(0,0,0,0); pthread_cleanup_pop(0);
                                    ~      ^
conftest.c:61:44: warning: null passed to a callee that requires a non-null argument [-Wnonnull]
                     pthread_create(0,0,0,0); pthread_cleanup_pop(0);
                                        ~  ^
3 warnings generated.
/tmp/conftest-8c4bd5.o: In function `main':
conftest.c:(.text+0x1b): undefined reference to `pthread_join'
conftest.c:(.text+0x8d): undefined reference to `__pthread_register_cancel'
conftest.c:(.text+0x9f): undefined reference to `pthread_create'
conftest.c:(.text+0xb8): undefined reference to `__pthread_unregister_cancel'
clang-8: error: linker command failed with exit code 1 (use -v to see invocation)
configure:14196: $? = 1
configure: failed program was:
| /* confdefs.h */
| #define PACKAGE_NAME "Icecast"
| #define PACKAGE_TARNAME "icecast"
| #define PACKAGE_VERSION "2.4.4"
| #define PACKAGE_STRING "Icecast 2.4.4"
| #define PACKAGE_BUGREPORT "icecast@xiph.org"
| #define PACKAGE_URL ""
| #define PACKAGE "icecast"
| #define VERSION "2.4.4"
| #define STDC_HEADERS 1
| #define HAVE_SYS_TYPES_H 1
| #define HAVE_SYS_STAT_H 1
| #define HAVE_STDLIB_H 1
| #define HAVE_STRING_H 1
| #define HAVE_MEMORY_H 1
| #define HAVE_STRINGS_H 1
| #define HAVE_INTTYPES_H 1
| #define HAVE_STDINT_H 1
| #define HAVE_UNISTD_H 1
| #define HAVE_DLFCN_H 1
| #define LT_OBJDIR ".libs/"
| #define _GNU_SOURCE 1
| #define STDC_HEADERS 1
| #define TIME_WITH_SYS_TIME 1
| #define HAVE_ALLOCA_H 1
| #define HAVE_SYS_TIMEB_H 1
| #define HAVE_PWD_H 1
| #define HAVE_UNISTD_H 1
| #define HAVE_GRP_H 1
| #define HAVE_SYS_TYPES_H 1
| #define HAVE_SETUID 1
| #define HAVE_CHROOT 1
| #define HAVE_CHOWN 1
| #define HAVE_STRCASESTR 1
| #define HAVE_LOCALTIME_R 1
| #define HAVE_POLL 1
| #define HAVE_GETTIMEOFDAY 1
| #define HAVE_FTIME 1
| #define HAVE_NANOSLEEP 1
| #define HAVE_SYS_SOCKET_H 1
| #define HAVE_SOCKLEN_T 1
| #define HAVE_SYS_SELECT_H 1
| #define HAVE_SYS_UIO_H 1
| #define HAVE_SETHOSTENT 1
| #define HAVE_GETNAMEINFO 1
| #define HAVE_ENDHOSTENT 1
| #define HAVE_GETADDRINFO 1
| #define HAVE_INET_ATON 1
| #define HAVE_WRITEV 1
| #define HAVE_STRUCT_SOCKADDR_STORAGE_SS_FAMILY 1
| #define HAVE_INET_PTON 1
| #define HAVE_XSLTSAVERESULTTOSTRING 1
| #define HAVE_OGG 1
| /* end confdefs.h.  */
| #include <pthread.h>
| int
| main ()
| {
| pthread_t th; pthread_join(th, 0);
|                      pthread_attr_init(0); pthread_cleanup_push(0, 0);
|                      pthread_create(0,0,0,0); pthread_cleanup_pop(0);
|   ;
|   return 0;
| }
configure:14205: result: no
configure:14113: checking whether pthreads work with -Kthread
configure:14196: /home/hasantouma/building-checkedc-clang/llvm.obj/bin/clang -o conftest -ferror-limit=0 -Kthread  -I/home/hasantouma/building-checkedc-clang/llvm/projects/checkedc-wrapper/checkedc/include/ conftest.c   >&5
clang-8: error: unknown argument '-Kthread', did you mean '-pthread'?
configure:14196: $? = 1
configure: failed program was:
| /* confdefs.h */
| #define PACKAGE_NAME "Icecast"
| #define PACKAGE_TARNAME "icecast"
| #define PACKAGE_VERSION "2.4.4"
| #define PACKAGE_STRING "Icecast 2.4.4"
| #define PACKAGE_BUGREPORT "icecast@xiph.org"
| #define PACKAGE_URL ""
| #define PACKAGE "icecast"
| #define VERSION "2.4.4"
| #define STDC_HEADERS 1
| #define HAVE_SYS_TYPES_H 1
| #define HAVE_SYS_STAT_H 1
| #define HAVE_STDLIB_H 1
| #define HAVE_STRING_H 1
| #define HAVE_MEMORY_H 1
| #define HAVE_STRINGS_H 1
| #define HAVE_INTTYPES_H 1
| #define HAVE_STDINT_H 1
| #define HAVE_UNISTD_H 1
| #define HAVE_DLFCN_H 1
| #define LT_OBJDIR ".libs/"
| #define _GNU_SOURCE 1
| #define STDC_HEADERS 1
| #define TIME_WITH_SYS_TIME 1
| #define HAVE_ALLOCA_H 1
| #define HAVE_SYS_TIMEB_H 1
| #define HAVE_PWD_H 1
| #define HAVE_UNISTD_H 1
| #define HAVE_GRP_H 1
| #define HAVE_SYS_TYPES_H 1
| #define HAVE_SETUID 1
| #define HAVE_CHROOT 1
| #define HAVE_CHOWN 1
| #define HAVE_STRCASESTR 1
| #define HAVE_LOCALTIME_R 1
| #define HAVE_POLL 1
| #define HAVE_GETTIMEOFDAY 1
| #define HAVE_FTIME 1
| #define HAVE_NANOSLEEP 1
| #define HAVE_SYS_SOCKET_H 1
| #define HAVE_SOCKLEN_T 1
| #define HAVE_SYS_SELECT_H 1
| #define HAVE_SYS_UIO_H 1
| #define HAVE_SETHOSTENT 1
| #define HAVE_GETNAMEINFO 1
| #define HAVE_ENDHOSTENT 1
| #define HAVE_GETADDRINFO 1
| #define HAVE_INET_ATON 1
| #define HAVE_WRITEV 1
| #define HAVE_STRUCT_SOCKADDR_STORAGE_SS_FAMILY 1
| #define HAVE_INET_PTON 1
| #define HAVE_XSLTSAVERESULTTOSTRING 1
| #define HAVE_OGG 1
| /* end confdefs.h.  */
| #include <pthread.h>
| int
| main ()
| {
| pthread_t th; pthread_join(th, 0);
|                      pthread_attr_init(0); pthread_cleanup_push(0, 0);
|                      pthread_create(0,0,0,0); pthread_cleanup_pop(0);
|   ;
|   return 0;
| }
configure:14205: result: no
configure:14113: checking whether pthreads work with -kthread
configure:14196: /home/hasantouma/building-checkedc-clang/llvm.obj/bin/clang -o conftest -ferror-limit=0 -kthread  -I/home/hasantouma/building-checkedc-clang/llvm/projects/checkedc-wrapper/checkedc/include/ conftest.c   >&5
clang-8: error: unknown argument '-kthread', did you mean '-pthread'?
configure:14196: $? = 1
configure: failed program was:
| /* confdefs.h */
| #define PACKAGE_NAME "Icecast"
| #define PACKAGE_TARNAME "icecast"
| #define PACKAGE_VERSION "2.4.4"
| #define PACKAGE_STRING "Icecast 2.4.4"
| #define PACKAGE_BUGREPORT "icecast@xiph.org"
| #define PACKAGE_URL ""
| #define PACKAGE "icecast"
| #define VERSION "2.4.4"
| #define STDC_HEADERS 1
| #define HAVE_SYS_TYPES_H 1
| #define HAVE_SYS_STAT_H 1
| #define HAVE_STDLIB_H 1
| #define HAVE_STRING_H 1
| #define HAVE_MEMORY_H 1
| #define HAVE_STRINGS_H 1
| #define HAVE_INTTYPES_H 1
| #define HAVE_STDINT_H 1
| #define HAVE_UNISTD_H 1
| #define HAVE_DLFCN_H 1
| #define LT_OBJDIR ".libs/"
| #define _GNU_SOURCE 1
| #define STDC_HEADERS 1
| #define TIME_WITH_SYS_TIME 1
| #define HAVE_ALLOCA_H 1
| #define HAVE_SYS_TIMEB_H 1
| #define HAVE_PWD_H 1
| #define HAVE_UNISTD_H 1
| #define HAVE_GRP_H 1
| #define HAVE_SYS_TYPES_H 1
| #define HAVE_SETUID 1
| #define HAVE_CHROOT 1
| #define HAVE_CHOWN 1
| #define HAVE_STRCASESTR 1
| #define HAVE_LOCALTIME_R 1
| #define HAVE_POLL 1
| #define HAVE_GETTIMEOFDAY 1
| #define HAVE_FTIME 1
| #define HAVE_NANOSLEEP 1
| #define HAVE_SYS_SOCKET_H 1
| #define HAVE_SOCKLEN_T 1
| #define HAVE_SYS_SELECT_H 1
| #define HAVE_SYS_UIO_H 1
| #define HAVE_SETHOSTENT 1
| #define HAVE_GETNAMEINFO 1
| #define HAVE_ENDHOSTENT 1
| #define HAVE_GETADDRINFO 1
| #define HAVE_INET_ATON 1
| #define HAVE_WRITEV 1
| #define HAVE_STRUCT_SOCKADDR_STORAGE_SS_FAMILY 1
| #define HAVE_INET_PTON 1
| #define HAVE_XSLTSAVERESULTTOSTRING 1
| #define HAVE_OGG 1
| /* end confdefs.h.  */
| #include <pthread.h>
| int
| main ()
| {
| pthread_t th; pthread_join(th, 0);
|                      pthread_attr_init(0); pthread_cleanup_push(0, 0);
|                      pthread_create(0,0,0,0); pthread_cleanup_pop(0);
|   ;
|   return 0;
| }
configure:14205: result: no
configure:14163: checking for the pthreads library -llthread
configure:14196: /home/hasantouma/building-checkedc-clang/llvm.obj/bin/clang -o conftest -ferror-limit=0   -I/home/hasantouma/building-checkedc-clang/llvm/projects/checkedc-wrapper/checkedc/include/ conftest.c -llthread  >&5
conftest.c:60:41: warning: null passed to a callee that requires a non-null argument [-Wnonnull]
                     pthread_attr_init(0); pthread_cleanup_push(0, 0);
                                       ~^
conftest.c:61:44: warning: null passed to a callee that requires a non-null argument [-Wnonnull]
                     pthread_create(0,0,0,0); pthread_cleanup_pop(0);
                                    ~      ^
conftest.c:61:44: warning: null passed to a callee that requires a non-null argument [-Wnonnull]
                     pthread_create(0,0,0,0); pthread_cleanup_pop(0);
                                        ~  ^
3 warnings generated.
/usr/bin/ld: cannot find -llthread
clang-8: error: linker command failed with exit code 1 (use -v to see invocation)
configure:14196: $? = 1
configure: failed program was:
| /* confdefs.h */
| #define PACKAGE_NAME "Icecast"
| #define PACKAGE_TARNAME "icecast"
| #define PACKAGE_VERSION "2.4.4"
| #define PACKAGE_STRING "Icecast 2.4.4"
| #define PACKAGE_BUGREPORT "icecast@xiph.org"
| #define PACKAGE_URL ""
| #define PACKAGE "icecast"
| #define VERSION "2.4.4"
| #define STDC_HEADERS 1
| #define HAVE_SYS_TYPES_H 1
| #define HAVE_SYS_STAT_H 1
| #define HAVE_STDLIB_H 1
| #define HAVE_STRING_H 1
| #define HAVE_MEMORY_H 1
| #define HAVE_STRINGS_H 1
| #define HAVE_INTTYPES_H 1
| #define HAVE_STDINT_H 1
| #define HAVE_UNISTD_H 1
| #define HAVE_DLFCN_H 1
| #define LT_OBJDIR ".libs/"
| #define _GNU_SOURCE 1
| #define STDC_HEADERS 1
| #define TIME_WITH_SYS_TIME 1
| #define HAVE_ALLOCA_H 1
| #define HAVE_SYS_TIMEB_H 1
| #define HAVE_PWD_H 1
| #define HAVE_UNISTD_H 1
| #define HAVE_GRP_H 1
| #define HAVE_SYS_TYPES_H 1
| #define HAVE_SETUID 1
| #define HAVE_CHROOT 1
| #define HAVE_CHOWN 1
| #define HAVE_STRCASESTR 1
| #define HAVE_LOCALTIME_R 1
| #define HAVE_POLL 1
| #define HAVE_GETTIMEOFDAY 1
| #define HAVE_FTIME 1
| #define HAVE_NANOSLEEP 1
| #define HAVE_SYS_SOCKET_H 1
| #define HAVE_SOCKLEN_T 1
| #define HAVE_SYS_SELECT_H 1
| #define HAVE_SYS_UIO_H 1
| #define HAVE_SETHOSTENT 1
| #define HAVE_GETNAMEINFO 1
| #define HAVE_ENDHOSTENT 1
| #define HAVE_GETADDRINFO 1
| #define HAVE_INET_ATON 1
| #define HAVE_WRITEV 1
| #define HAVE_STRUCT_SOCKADDR_STORAGE_SS_FAMILY 1
| #define HAVE_INET_PTON 1
| #define HAVE_XSLTSAVERESULTTOSTRING 1
| #define HAVE_OGG 1
| /* end confdefs.h.  */
| #include <pthread.h>
| int
| main ()
| {
| pthread_t th; pthread_join(th, 0);
|                      pthread_attr_init(0); pthread_cleanup_push(0, 0);
|                      pthread_create(0,0,0,0); pthread_cleanup_pop(0);
|   ;
|   return 0;
| }
configure:14205: result: no
configure:14113: checking whether pthreads work with -pthread
configure:14196: /home/hasantouma/building-checkedc-clang/llvm.obj/bin/clang -o conftest -ferror-limit=0 -pthread  -I/home/hasantouma/building-checkedc-clang/llvm/projects/checkedc-wrapper/checkedc/include/ conftest.c   >&5
conftest.c:60:41: warning: null passed to a callee that requires a non-null argument [-Wnonnull]
                     pthread_attr_init(0); pthread_cleanup_push(0, 0);
                                       ~^
conftest.c:61:44: warning: null passed to a callee that requires a non-null argument [-Wnonnull]
                     pthread_create(0,0,0,0); pthread_cleanup_pop(0);
                                    ~      ^
conftest.c:61:44: warning: null passed to a callee that requires a non-null argument [-Wnonnull]
                     pthread_create(0,0,0,0); pthread_cleanup_pop(0);
                                        ~  ^
3 warnings generated.
configure:14196: $? = 0
configure:14205: result: yes
configure:14224: checking for joinable pthread attribute
configure:14239: /home/hasantouma/building-checkedc-clang/llvm.obj/bin/clang -o conftest -ferror-limit=0 -pthread  -I/home/hasantouma/building-checkedc-clang/llvm/projects/checkedc-wrapper/checkedc/include/ conftest.c   >&5
configure:14239: $? = 0
configure:14245: result: PTHREAD_CREATE_JOINABLE
configure:14255: checking if more special flags are required for pthreads
configure:14262: result: no
configure:14270: checking for pthread_spin_lock
configure:14270: /home/hasantouma/building-checkedc-clang/llvm.obj/bin/clang -o conftest -ferror-limit=0 -pthread  -I/home/hasantouma/building-checkedc-clang/llvm/projects/checkedc-wrapper/checkedc/include/ conftest.c   >&5
configure:14270: $? = 0
configure:14270: result: yes
configure:14421: checking for curl-config
configure:14439: found /usr/bin/curl-config
configure:14451: result: /usr/bin/curl-config
configure:14493: checking curl/curl.h usability
configure:14493: /home/hasantouma/building-checkedc-clang/llvm.obj/bin/clang -c -ferror-limit=0   conftest.c >&5
configure:14493: $? = 0
configure:14493: result: yes
configure:14493: checking curl/curl.h presence
configure:14493: /home/hasantouma/building-checkedc-clang/llvm.obj/bin/clang -E   conftest.c
configure:14493: $? = 0
configure:14493: result: yes
configure:14493: checking for curl/curl.h
configure:14493: result: yes
configure:14505: checking for libcurl
configure:14522: /home/hasantouma/building-checkedc-clang/llvm.obj/bin/clang -o conftest -ferror-limit=0   -I/home/hasantouma/building-checkedc-clang/llvm/projects/checkedc-wrapper/checkedc/include/ conftest.c -L/usr/lib/x86_64-linux-gnu -lcurl  >&5
configure:14522: $? = 0
configure:14522: ./conftest
configure:14522: $? = 0
configure:14533: result: yes
configure:14539: checking whether CURLOPT_NOSIGNAL is declared
configure:14539: /home/hasantouma/building-checkedc-clang/llvm.obj/bin/clang -c -ferror-limit=0   conftest.c >&5
configure:14539: $? = 0
configure:14539: result: yes
configure:14548: checking for curl_global_init
configure:14548: /home/hasantouma/building-checkedc-clang/llvm.obj/bin/clang -o conftest -ferror-limit=0   -I/home/hasantouma/building-checkedc-clang/llvm/projects/checkedc-wrapper/checkedc/include/ conftest.c -L/usr/lib/x86_64-linux-gnu -lcurl  >&5
configure:14548: $? = 0
configure:14548: result: yes
configure:14642: checking for pkg-config
configure:14660: found /usr/bin/pkg-config
configure:14673: result: /usr/bin/pkg-config
configure:14711: /home/hasantouma/building-checkedc-clang/llvm.obj/bin/clang -o conftest -ferror-limit=0   -I/home/hasantouma/building-checkedc-clang/llvm/projects/checkedc-wrapper/checkedc/include/ conftest.c -lssl -lcrypto  >&5
configure:14711: $? = 0
configure:14901: checking that generated files are newer than configure
configure:14907: result: done
configure:14934: creating ./config.status

## ---------------------- ##
## Running config.status. ##
## ---------------------- ##

This file was extended by Icecast config.status 2.4.4, which was
generated by GNU Autoconf 2.69.  Invocation command line was

  CONFIG_FILES    = 
  CONFIG_HEADERS  = 
  CONFIG_LINKS    = 
  CONFIG_COMMANDS = 
  $ ./config.status 

on pldev2

config.status:1183: creating Makefile
config.status:1183: creating conf/Makefile
config.status:1183: creating src/Makefile
config.status:1183: creating src/avl/Makefile
config.status:1183: creating src/httpp/Makefile
config.status:1183: creating src/thread/Makefile
config.status:1183: creating src/log/Makefile
config.status:1183: creating src/net/Makefile
config.status:1183: creating src/timing/Makefile
config.status:1183: creating doc/Makefile
config.status:1183: creating doc/img/Makefile
config.status:1183: creating doc/assets/Makefile
config.status:1183: creating doc/assets/css/Makefile
config.status:1183: creating doc/assets/font/Makefile
config.status:1183: creating doc/assets/img/Makefile
config.status:1183: creating web/Makefile
config.status:1183: creating admin/Makefile
config.status:1183: creating win32/Makefile
config.status:1183: creating examples/Makefile
config.status:1183: creating config.h
config.status:1412: executing depfiles commands
config.status:1489: cd src       && sed -e '/# am--include-marker/d' Makefile         | make -f - am--depfiles
make: Nothing to be done for 'am--depfiles'.
config.status:1494: $? = 0
config.status:1489: cd src/avl       && sed -e '/# am--include-marker/d' Makefile         | make -f - am--depfiles
make: Nothing to be done for 'am--depfiles'.
config.status:1494: $? = 0
config.status:1489: cd src/httpp       && sed -e '/# am--include-marker/d' Makefile         | make -f - am--depfiles
make: Nothing to be done for 'am--depfiles'.
config.status:1494: $? = 0
config.status:1489: cd src/thread       && sed -e '/# am--include-marker/d' Makefile         | make -f - am--depfiles
make: Nothing to be done for 'am--depfiles'.
config.status:1494: $? = 0
config.status:1489: cd src/log       && sed -e '/# am--include-marker/d' Makefile         | make -f - am--depfiles
make: Nothing to be done for 'am--depfiles'.
config.status:1494: $? = 0
config.status:1489: cd src/net       && sed -e '/# am--include-marker/d' Makefile         | make -f - am--depfiles
make: Nothing to be done for 'am--depfiles'.
config.status:1494: $? = 0
config.status:1489: cd src/timing       && sed -e '/# am--include-marker/d' Makefile         | make -f - am--depfiles
make: Nothing to be done for 'am--depfiles'.
config.status:1494: $? = 0
config.status:1412: executing libtool commands

## ---------------- ##
## Cache variables. ##
## ---------------- ##

ac_cv_build=x86_64-pc-linux-gnu
ac_cv_c_compiler_gnu=yes
ac_cv_env_CC_set=set
ac_cv_env_CC_value=/home/hasantouma/building-checkedc-clang/llvm.obj/bin/clang
ac_cv_env_CFLAGS_set=set
ac_cv_env_CFLAGS_value=-ferror-limit=0
ac_cv_env_CPPFLAGS_set=
ac_cv_env_CPPFLAGS_value=
ac_cv_env_CPP_set=
ac_cv_env_CPP_value=
ac_cv_env_LDFLAGS_set=set
ac_cv_env_LDFLAGS_value=-I/home/hasantouma/building-checkedc-clang/llvm/projects/checkedc-wrapper/checkedc/include/
ac_cv_env_LIBS_set=
ac_cv_env_LIBS_value=
ac_cv_env_LT_SYS_LIBRARY_PATH_set=
ac_cv_env_LT_SYS_LIBRARY_PATH_value=
ac_cv_env_OGG_PREFIX_set=
ac_cv_env_OGG_PREFIX_value=
ac_cv_env_SPEEX_set=
ac_cv_env_SPEEX_value=
ac_cv_env_THEORA_set=
ac_cv_env_THEORA_value=
ac_cv_env_VORBIS_PREFIX_set=
ac_cv_env_VORBIS_PREFIX_value=
ac_cv_env_XSLTCONFIG_set=
ac_cv_env_XSLTCONFIG_value=
ac_cv_env_build_alias_set=
ac_cv_env_build_alias_value=
ac_cv_env_host_alias_set=
ac_cv_env_host_alias_value=
ac_cv_env_target_alias_set=
ac_cv_env_target_alias_value=
ac_cv_func_chown=yes
ac_cv_func_chroot=yes
ac_cv_func_curl_global_init=yes
ac_cv_func_endhostent=yes
ac_cv_func_ftime=yes
ac_cv_func_getaddrinfo=yes
ac_cv_func_gettimeofday=yes
ac_cv_func_inet_aton=yes
ac_cv_func_inet_pton=yes
ac_cv_func_localtime_r=yes
ac_cv_func_poll=yes
ac_cv_func_pthread_spin_lock=yes
ac_cv_func_setuid=yes
ac_cv_func_strcasestr=yes
ac_cv_func_writev=yes
ac_cv_func_xsltSaveResultToString=yes
ac_cv_have_decl_CURLOPT_NOSIGNAL=yes
ac_cv_header_alloca_h=yes
ac_cv_header_curl_curl_h=yes
ac_cv_header_dlfcn_h=yes
ac_cv_header_grp_h=yes
ac_cv_header_inttypes_h=yes
ac_cv_header_memory_h=yes
ac_cv_header_pwd_h=yes
ac_cv_header_stdc=yes
ac_cv_header_stdint_h=yes
ac_cv_header_stdlib_h=yes
ac_cv_header_string_h=yes
ac_cv_header_strings_h=yes
ac_cv_header_sys_select_h=yes
ac_cv_header_sys_socket_h=yes
ac_cv_header_sys_stat_h=yes
ac_cv_header_sys_timeb_h=yes
ac_cv_header_sys_types_h=yes
ac_cv_header_sys_uio_h=yes
ac_cv_header_time=yes
ac_cv_header_unistd_h=yes
ac_cv_header_winsock2_h=no
ac_cv_host=x86_64-pc-linux-gnu
ac_cv_lib_kate_kate_decode_init=no
ac_cv_member_struct_sockaddr_storage_ss_family=yes
ac_cv_objext=o
ac_cv_path_CURL_CONFIG=/usr/bin/curl-config
ac_cv_path_EGREP='/bin/grep -E'
ac_cv_path_FGREP='/bin/grep -F'
ac_cv_path_GREP=/bin/grep
ac_cv_path_PKGCONFIG=/usr/bin/pkg-config
ac_cv_path_SED=/bin/sed
ac_cv_path_XSLTCONFIG=/usr/bin/xslt-config
ac_cv_path_install='/usr/bin/install -c'
ac_cv_path_lt_DD=/bin/dd
ac_cv_path_mkdir=/bin/mkdir
ac_cv_prog_AWK=gawk
ac_cv_prog_CPP='/home/hasantouma/building-checkedc-clang/llvm.obj/bin/clang -E'
ac_cv_prog_ac_ct_AR=ar
ac_cv_prog_ac_ct_CC=/home/hasantouma/building-checkedc-clang/llvm.obj/bin/clang
ac_cv_prog_ac_ct_MANIFEST_TOOL=mt
ac_cv_prog_ac_ct_OBJDUMP=objdump
ac_cv_prog_ac_ct_RANLIB=ranlib
ac_cv_prog_ac_ct_STRIP=strip
ac_cv_prog_cc_c89=
ac_cv_prog_cc_g=yes
ac_cv_prog_make_make_set=yes
ac_cv_search_getnameinfo='none required'
ac_cv_search_nanosleep='none required'
ac_cv_search_sethostent='none required'
ac_cv_sys_file_offset_bits=no
ac_cv_sys_largefile_CC=no
ac_cv_type_socklen_t=yes
am_cv_CC_dependencies_compiler_type=gcc3
am_cv_make_support_nested_variables=yes
am_cv_prog_cc_c_o=yes
lt_cv_ar_at_file=@
lt_cv_archive_cmds_need_lc=no
lt_cv_deplibs_check_method=pass_all
lt_cv_file_magic_cmd='$MAGIC_CMD'
lt_cv_file_magic_test_file=
lt_cv_ld_reload_flag=-r
lt_cv_nm_interface='BSD nm'
lt_cv_objdir=.libs
lt_cv_path_LD=/usr/bin/ld
lt_cv_path_NM='/usr/bin/nm -B'
lt_cv_path_mainfest_tool=no
lt_cv_prog_compiler_c_o=yes
lt_cv_prog_compiler_pic='-fPIC -DPIC'
lt_cv_prog_compiler_pic_works=yes
lt_cv_prog_compiler_rtti_exceptions=yes
lt_cv_prog_compiler_static_works=yes
lt_cv_prog_gnu_ld=yes
lt_cv_sharedlib_from_linklib_cmd='printf %s\n'
lt_cv_shlibpath_overrides_runpath=no
lt_cv_sys_global_symbol_pipe='sed -n -e '\''s/^.*[	 ]\([ABCDGIRSTW][ABCDGIRSTW]*\)[	 ][	 ]*\([_A-Za-z][_A-Za-z0-9]*\)$/\1 \2 \2/p'\'' | sed '\''/ __gnu_lto/d'\'''
lt_cv_sys_global_symbol_to_c_name_address='sed -n -e '\''s/^: \(.*\) .*$/  {"\1", (void *) 0},/p'\'' -e '\''s/^[ABCDGIRSTW][ABCDGIRSTW]* .* \(.*\)$/  {"\1", (void *) \&\1},/p'\'''
lt_cv_sys_global_symbol_to_c_name_address_lib_prefix='sed -n -e '\''s/^: \(.*\) .*$/  {"\1", (void *) 0},/p'\'' -e '\''s/^[ABCDGIRSTW][ABCDGIRSTW]* .* \(lib.*\)$/  {"\1", (void *) \&\1},/p'\'' -e '\''s/^[ABCDGIRSTW][ABCDGIRSTW]* .* \(.*\)$/  {"lib\1", (void *) \&\1},/p'\'''
lt_cv_sys_global_symbol_to_cdecl='sed -n -e '\''s/^T .* \(.*\)$/extern int \1();/p'\'' -e '\''s/^[ABCDGIRSTW][ABCDGIRSTW]* .* \(.*\)$/extern char \1;/p'\'''
lt_cv_sys_global_symbol_to_import=
lt_cv_sys_max_cmd_len=1572864
lt_cv_to_host_file_cmd=func_convert_file_noop
lt_cv_to_tool_file_cmd=func_convert_file_noop
lt_cv_truncate_bin='/bin/dd bs=4096 count=1'
xt_cv_lib_ogg=ok

## ----------------- ##
## Output variables. ##
## ----------------- ##

ACLOCAL='${SHELL} /home/hasantouma/converted-examples/convert_icecast/missing aclocal-1.16'
AMDEPBACKSLASH='\'
AMDEP_FALSE='#'
AMDEP_TRUE=''
AMTAR='$${TAR-tar}'
AM_BACKSLASH='\'
AM_DEFAULT_V='$(AM_DEFAULT_VERBOSITY)'
AM_DEFAULT_VERBOSITY='1'
AM_V='$(V)'
AR='ar'
AUTOCONF='${SHELL} /home/hasantouma/converted-examples/convert_icecast/missing autoconf'
AUTOHEADER='${SHELL} /home/hasantouma/converted-examples/convert_icecast/missing autoheader'
AUTOMAKE='${SHELL} /home/hasantouma/converted-examples/convert_icecast/missing automake-1.16'
AWK='gawk'
CC='/home/hasantouma/building-checkedc-clang/llvm.obj/bin/clang'
CCDEPMODE='depmode=gcc3'
CFLAGS='-ferror-limit=0'
CPP='/home/hasantouma/building-checkedc-clang/llvm.obj/bin/clang -E'
CPPFLAGS=''
CURL_CFLAGS=''
CURL_CONFIG='/usr/bin/curl-config'
CURL_LIBS='-L/usr/lib/x86_64-linux-gnu -lcurl'
CYGPATH_W='echo'
DEBUG='-g'
DEFS='-DHAVE_CONFIG_H'
DEPDIR='.deps'
DLLTOOL='false'
DSYMUTIL=''
DUMPBIN=''
ECHO_C=''
ECHO_N='-n'
ECHO_T=''
EGREP='/bin/grep -E'
EXEEXT=''
FGREP='/bin/grep -F'
GREP='/bin/grep'
HAVE_KATE=''
ICECAST_OPTIONAL=' format_vorbis.o auth_url.o yp.o'
INSTALL_DATA='${INSTALL} -m 644'
INSTALL_PROGRAM='${INSTALL}'
INSTALL_SCRIPT='${INSTALL}'
INSTALL_STRIP_PROGRAM='$(install_sh) -c -s'
KATE_LIBS=''
LD='/usr/bin/ld -m elf_x86_64'
LDFLAGS='-I/home/hasantouma/building-checkedc-clang/llvm/projects/checkedc-wrapper/checkedc/include/'
LIBOBJS=''
LIBS=''
LIBTOOL='$(SHELL) $(top_builddir)/libtool'
LIBTOOL_DEPS='./ltmain.sh'
LIPO=''
LN_S='ln -s'
LTLIBOBJS=''
LT_SYS_LIBRARY_PATH=''
MAINT='#'
MAINTAINER_MODE_FALSE=''
MAINTAINER_MODE_TRUE='#'
MAKEINFO='${SHELL} /home/hasantouma/converted-examples/convert_icecast/missing makeinfo'
MANIFEST_TOOL=':'
MKDIR_P='/bin/mkdir -p'
NM='/usr/bin/nm -B'
NMEDIT=''
OBJDUMP='objdump'
OBJEXT='o'
OGG_CFLAGS='-I/usr/local/include'
OGG_LDFLAGS='-L/usr/local/lib'
OGG_LIBS='-logg'
OGG_PREFIX=''
OTOOL64=''
OTOOL=''
PACKAGE='icecast'
PACKAGE_BUGREPORT='icecast@xiph.org'
PACKAGE_NAME='Icecast'
PACKAGE_STRING='Icecast 2.4.4'
PACKAGE_TARNAME='icecast'
PACKAGE_URL=''
PACKAGE_VERSION='2.4.4'
PATH_SEPARATOR=':'
PKGCONFIG='/usr/bin/pkg-config'
PROFILE='-pg -g'
PTHREAD_CC='/home/hasantouma/building-checkedc-clang/llvm.obj/bin/clang'
PTHREAD_CFLAGS='-pthread'
PTHREAD_CPPFLAGS=''
PTHREAD_LIBS=''
RANLIB='ranlib'
SED='/bin/sed'
SET_MAKE=''
SHELL='/bin/bash'
SPEEX=''
SPEEX_CFLAGS=''
SPEEX_LDFLAGS=''
SPEEX_LIBS=''
STRIP='strip'
THEORA=''
THEORA_CFLAGS=''
THEORA_LDFLAGS=''
THEORA_LIBS=''
VERSION='2.4.4'
VORBISENC_LIBS='-lvorbisenc'
VORBISFILE_LIBS='-lvorbisfile'
VORBIS_CFLAGS='-I/usr/local/include'
VORBIS_LDFLAGS='-L/usr/local/lib'
VORBIS_LIBS='-lvorbis -logg -lm'
VORBIS_PREFIX=''
XIPH_CFLAGS=' -pthread'
XIPH_CPPFLAGS='-Wall -ffast-math -fsigned-char -I/usr/include/libxml2 -I/usr/local/include'
XIPH_LDFLAGS=' -L/usr/local/lib'
XIPH_LIBS=' -lssl -lcrypto  -L/usr/lib/x86_64-linux-gnu -lcurl   -lvorbis -logg -lm  -lxslt -lxml2 '
XSLTCONFIG='/usr/bin/xslt-config'
ac_ct_AR='ar'
ac_ct_CC='/home/hasantouma/building-checkedc-clang/llvm.obj/bin/clang'
ac_ct_DUMPBIN=''
acx_pthread_config=''
am__EXEEXT_FALSE=''
am__EXEEXT_TRUE='#'
am__fastdepCC_FALSE='#'
am__fastdepCC_TRUE=''
am__include='include'
am__isrc=''
am__leading_dot='.'
am__nodep='_no'
am__quote=''
am__tar='$${TAR-tar} chof - "$$tardir"'
am__untar='$${TAR-tar} xf -'
bindir='${exec_prefix}/bin'
build='x86_64-pc-linux-gnu'
build_alias=''
build_cpu='x86_64'
build_os='linux-gnu'
build_vendor='pc'
datadir='${datarootdir}'
datarootdir='${prefix}/share'
docdir='${datarootdir}/doc/${PACKAGE_TARNAME}'
dvidir='${docdir}'
exec_prefix='${prefix}'
host='x86_64-pc-linux-gnu'
host_alias=''
host_cpu='x86_64'
host_os='linux-gnu'
host_vendor='pc'
htmldir='${docdir}'
includedir='${prefix}/include'
infodir='${datarootdir}/info'
install_sh='${SHELL} /home/hasantouma/converted-examples/convert_icecast/install-sh'
libdir='${exec_prefix}/lib'
libexecdir='${exec_prefix}/libexec'
localedir='${datarootdir}/locale'
localstatedir='${prefix}/var'
mandir='${datarootdir}/man'
mkdir_p='$(MKDIR_P)'
oldincludedir='/usr/include'
pdfdir='${docdir}'
prefix='/usr/local'
program_transform_name='s,x,x,'
psdir='${docdir}'
runstatedir='${localstatedir}/run'
sbindir='${exec_prefix}/sbin'
sharedstatedir='${prefix}/com'
sysconfdir='${prefix}/etc'
target_alias=''

## ----------- ##
## confdefs.h. ##
## ----------- ##

/* confdefs.h */
#define PACKAGE_NAME "Icecast"
#define PACKAGE_TARNAME "icecast"
#define PACKAGE_VERSION "2.4.4"
#define PACKAGE_STRING "Icecast 2.4.4"
#define PACKAGE_BUGREPORT "icecast@xiph.org"
#define PACKAGE_URL ""
#define PACKAGE "icecast"
#define VERSION "2.4.4"
#define STDC_HEADERS 1
#define HAVE_SYS_TYPES_H 1
#define HAVE_SYS_STAT_H 1
#define HAVE_STDLIB_H 1
#define HAVE_STRING_H 1
#define HAVE_MEMORY_H 1
#define HAVE_STRINGS_H 1
#define HAVE_INTTYPES_H 1
#define HAVE_STDINT_H 1
#define HAVE_UNISTD_H 1
#define HAVE_DLFCN_H 1
#define LT_OBJDIR ".libs/"
#define _GNU_SOURCE 1
#define STDC_HEADERS 1
#define TIME_WITH_SYS_TIME 1
#define HAVE_ALLOCA_H 1
#define HAVE_SYS_TIMEB_H 1
#define HAVE_PWD_H 1
#define HAVE_UNISTD_H 1
#define HAVE_GRP_H 1
#define HAVE_SYS_TYPES_H 1
#define HAVE_SETUID 1
#define HAVE_CHROOT 1
#define HAVE_CHOWN 1
#define HAVE_STRCASESTR 1
#define HAVE_LOCALTIME_R 1
#define HAVE_POLL 1
#define HAVE_GETTIMEOFDAY 1
#define HAVE_FTIME 1
#define HAVE_NANOSLEEP 1
#define HAVE_SYS_SOCKET_H 1
#define HAVE_SOCKLEN_T 1
#define HAVE_SYS_SELECT_H 1
#define HAVE_SYS_UIO_H 1
#define HAVE_SETHOSTENT 1
#define HAVE_GETNAMEINFO 1
#define HAVE_ENDHOSTENT 1
#define HAVE_GETADDRINFO 1
#define HAVE_INET_ATON 1
#define HAVE_WRITEV 1
#define HAVE_STRUCT_SOCKADDR_STORAGE_SS_FAMILY 1
#define HAVE_INET_PTON 1
#define HAVE_XSLTSAVERESULTTOSTRING 1
#define HAVE_OGG 1
#define HAVE_PTHREAD_SPIN_LOCK 1
#define HAVE_PTHREAD 1
#define HAVE_CURL_CURL_H 1
#define HAVE_CURL 1
#define HAVE_AUTH_URL 1
#define HAVE_CURL_GLOBAL_INIT 1
#define USE_YP 1
#define HAVE_OPENSSL 1

configure: exit 0
